<?xml version="1.0" encoding="UTF-8"?>
<!-- Generated by org.testng.reporters.JUnitReportReporter -->
<testsuite hostname="windows-clone" name="com.DWP.服务管理.script.Services" tests="3" failures="0" timestamp="23 Jul 2018 07:30:51 GMT" time="44.204" errors="0">
  <testcase name="pic" time="5.290" classname="com.DWP.服务管理.script.Services"/>
  <testcase name="watched" time="31.009" classname="com.DWP.服务管理.script.Services"/>
  <testcase name="history" time="7.905" classname="com.DWP.服务管理.script.Services"/>
</testsuite> <!-- com.DWP.服务管理.script.Services -->
