<?xml version="1.0" encoding="UTF-8"?>
<!-- Generated by org.testng.reporters.JUnitReportReporter -->
<testsuite hostname="windows-clone" name="com.DWP.系统概况.script.Portal" tests="1" failures="0" timestamp="23 Jul 2018 07:30:51 GMT" time="12.861" errors="0">
  <testcase name="showup" time="12.861" classname="com.DWP.系统概况.script.Portal"/>
</testsuite> <!-- com.DWP.系统概况.script.Portal -->
