<?xml version="1.0" encoding="UTF-8"?>
<!-- Generated by org.testng.reporters.JUnitReportReporter -->
<testsuite hostname="windows-clone" name="com.DWP.告警.script.Alerts" tests="1" failures="0" timestamp="23 Jul 2018 07:30:51 GMT" time="4.926" errors="0">
  <testcase name="showup" time="4.926" classname="com.DWP.告警.script.Alerts"/>
</testsuite> <!-- com.DWP.告警.script.Alerts -->
