<?xml version="1.0" encoding="UTF-8"?>
<!-- Generated by org.testng.reporters.JUnitReportReporter -->
<testsuite hostname="windows-clone" name="com.DWP.安全管理.审计管理.管理日志.script.Admin" tests="1" failures="0" timestamp="23 Jul 2018 07:30:51 GMT" time="9.101" errors="0">
  <testcase name="check" time="9.101" classname="com.DWP.安全管理.审计管理.管理日志.script.Admin"/>
</testsuite> <!-- com.DWP.安全管理.审计管理.管理日志.script.Admin -->
