<?xml version="1.0" encoding="UTF-8"?>
<!-- Generated by org.testng.reporters.JUnitReportReporter -->
<testsuite hostname="windows-clone" name="com.DWP.数据总览.script.GetDataViewInfo" tests="1" failures="0" timestamp="23 Jul 2018 07:30:51 GMT" time="7.725" errors="0">
  <testcase name="showInfo" time="7.725" classname="com.DWP.数据总览.script.GetDataViewInfo"/>
</testsuite> <!-- com.DWP.数据总览.script.GetDataViewInfo -->
